2021-12-07 18:05:30,221 DEBUG [main] InternalLoggerFactory:89 - Using Log4J as the default logging framework
2021-12-07 18:05:30,236 DEBUG [main] ResourceLeakDetector:129 - -Dio.netty.leakDetection.level: simple
2021-12-07 18:05:30,236 DEBUG [main] ResourceLeakDetector:130 - -Dio.netty.leakDetection.targetRecords: 4
2021-12-07 18:05:30,245 DEBUG [main] ResourceLeakDetectorFactory:196 - Loaded default ResourceLeakDetector: io.netty.util.ResourceLeakDetector@6989da5e
2021-12-07 18:05:30,279 DEBUG [main] PlatformDependent0:460 - -Dio.netty.noUnsafe: false
2021-12-07 18:05:30,280 DEBUG [main] PlatformDependent0:954 - Java version: 15
2021-12-07 18:05:30,286 DEBUG [main] PlatformDependent0:135 - sun.misc.Unsafe.theUnsafe: available
2021-12-07 18:05:30,289 DEBUG [main] PlatformDependent0:159 - sun.misc.Unsafe.copyMemory: available
2021-12-07 18:05:30,290 DEBUG [main] PlatformDependent0:202 - java.nio.Buffer.address: available
2021-12-07 18:05:30,292 DEBUG [main] PlatformDependent0:285 - direct buffer constructor: unavailable: Reflective setAccessible(true) disabled
2021-12-07 18:05:30,293 DEBUG [main] PlatformDependent0:350 - java.nio.Bits.unaligned: available, true
2021-12-07 18:05:30,296 DEBUG [main] PlatformDependent0:417 - jdk.internal.misc.Unsafe.allocateUninitializedArray(int): unavailable: class io.netty.util.internal.PlatformDependent0$6 cannot access class jdk.internal.misc.Unsafe (in module java.base) because module java.base does not export jdk.internal.misc to unnamed module @707194ba
2021-12-07 18:05:30,299 DEBUG [main] PlatformDependent0:446 - java.nio.DirectByteBuffer.<init>(long, int): unavailable
2021-12-07 18:05:30,299 DEBUG [main] PlatformDependent:1103 - sun.misc.Unsafe: available
2021-12-07 18:05:30,328 DEBUG [main] PlatformDependent:1205 - maxDirectMemory: 2113929216 bytes (maybe)
2021-12-07 18:05:30,329 DEBUG [main] PlatformDependent:1224 - -Dio.netty.tmpdir: C:\Users\biswajit\AppData\Local\Temp (java.io.tmpdir)
2021-12-07 18:05:30,332 DEBUG [main] PlatformDependent:1303 - -Dio.netty.bitMode: 64 (sun.arch.data.model)
2021-12-07 18:05:30,334 DEBUG [main] PlatformDependent:1063 - Platform: Windows
2021-12-07 18:05:30,336 DEBUG [main] PlatformDependent:178 - -Dio.netty.maxDirectMemory: -1 bytes
2021-12-07 18:05:30,336 DEBUG [main] PlatformDependent:185 - -Dio.netty.uninitializedArrayAllocationThreshold: -1
2021-12-07 18:05:30,339 DEBUG [main] CleanerJava9:71 - java.nio.ByteBuffer.cleaner(): available
2021-12-07 18:05:30,339 DEBUG [main] PlatformDependent:205 - -Dio.netty.noPreferDirect: false
2021-12-07 18:05:30,355 DEBUG [main] PlatformDependent:967 - org.jctools-core.MpscChunkedArrayQueue: available
2021-12-07 18:05:30,398 DEBUG [main] InternalThreadLocalMap:83 - -Dio.netty.threadLocalMap.stringBuilder.initialSize: 1024
2021-12-07 18:05:30,399 DEBUG [main] InternalThreadLocalMap:86 - -Dio.netty.threadLocalMap.stringBuilder.maxSize: 4096
2021-12-07 18:05:30,930 DEBUG [main] JdkSslContext:97 - Default protocols (JDK): [TLSv1.3, TLSv1.2, TLSv1.1, TLSv1] 
2021-12-07 18:05:30,930 DEBUG [main] JdkSslContext:98 - Default cipher suites (JDK): [TLS_ECDHE_ECDSA_WITH_AES_256_GCM_SHA384, TLS_ECDHE_ECDSA_WITH_AES_128_GCM_SHA256, TLS_ECDHE_RSA_WITH_AES_128_GCM_SHA256, TLS_ECDHE_RSA_WITH_AES_256_GCM_SHA384, TLS_ECDHE_RSA_WITH_AES_128_CBC_SHA, TLS_ECDHE_RSA_WITH_AES_256_CBC_SHA, TLS_RSA_WITH_AES_128_GCM_SHA256, TLS_RSA_WITH_AES_128_CBC_SHA, TLS_RSA_WITH_AES_256_CBC_SHA, TLS_AES_128_GCM_SHA256, TLS_AES_256_GCM_SHA384]
2021-12-07 18:05:30,983 DEBUG [main] MultithreadEventLoopGroup:44 - -Dio.netty.eventLoopThreads: 8
2021-12-07 18:05:30,999 DEBUG [main] NioEventLoop:106 - -Dio.netty.noKeySetOptimization: false
2021-12-07 18:05:30,999 DEBUG [main] NioEventLoop:107 - -Dio.netty.selectorAutoRebuildThreshold: 512
2021-12-07 18:05:31,063 DEBUG [main] PooledByteBufAllocator:155 - -Dio.netty.allocator.numHeapArenas: 8
2021-12-07 18:05:31,064 DEBUG [main] PooledByteBufAllocator:156 - -Dio.netty.allocator.numDirectArenas: 8
2021-12-07 18:05:31,064 DEBUG [main] PooledByteBufAllocator:158 - -Dio.netty.allocator.pageSize: 8192
2021-12-07 18:05:31,065 DEBUG [main] PooledByteBufAllocator:163 - -Dio.netty.allocator.maxOrder: 11
2021-12-07 18:05:31,065 DEBUG [main] PooledByteBufAllocator:167 - -Dio.netty.allocator.chunkSize: 16777216
2021-12-07 18:05:31,066 DEBUG [main] PooledByteBufAllocator:168 - -Dio.netty.allocator.smallCacheSize: 256
2021-12-07 18:05:31,066 DEBUG [main] PooledByteBufAllocator:169 - -Dio.netty.allocator.normalCacheSize: 64
2021-12-07 18:05:31,066 DEBUG [main] PooledByteBufAllocator:170 - -Dio.netty.allocator.maxCachedBufferCapacity: 32768
2021-12-07 18:05:31,067 DEBUG [main] PooledByteBufAllocator:171 - -Dio.netty.allocator.cacheTrimInterval: 8192
2021-12-07 18:05:31,067 DEBUG [main] PooledByteBufAllocator:172 - -Dio.netty.allocator.cacheTrimIntervalMillis: 0
2021-12-07 18:05:31,068 DEBUG [main] PooledByteBufAllocator:173 - -Dio.netty.allocator.useCacheForAllThreads: true
2021-12-07 18:05:31,068 DEBUG [main] PooledByteBufAllocator:174 - -Dio.netty.allocator.maxCachedByteBuffersPerChunk: 1023
2021-12-07 18:05:31,087 DEBUG [main] ByteBufUtil:87 - -Dio.netty.allocator.type: pooled
2021-12-07 18:05:31,090 DEBUG [main] ByteBufUtil:96 - -Dio.netty.threadLocalDirectBufferSize: 0
2021-12-07 18:05:31,091 DEBUG [main] ByteBufUtil:99 - -Dio.netty.maxThreadLocalCharBufferSize: 16384
2021-12-07 18:05:32,136 DEBUG [Forwarding newSession on session null to remote] DefaultChannelId:79 - -Dio.netty.processId: 11328 (auto-detected)
2021-12-07 18:05:32,140 DEBUG [Forwarding newSession on session null to remote] NetUtil:135 - -Djava.net.preferIPv4Stack: false
2021-12-07 18:05:32,140 DEBUG [Forwarding newSession on session null to remote] NetUtil:136 - -Djava.net.preferIPv6Addresses: false
2021-12-07 18:05:32,162 DEBUG [Forwarding newSession on session null to remote] NetUtilInitializations:129 - Loopback interface: lo (Software Loopback Interface 1, 127.0.0.1)
2021-12-07 18:05:32,164 DEBUG [Forwarding newSession on session null to remote] NetUtil:187 - Failed to get SOMAXCONN from sysctl and file \proc\sys\net\core\somaxconn. Default: 200
2021-12-07 18:05:32,229 DEBUG [Forwarding newSession on session null to remote] DefaultChannelId:101 - -Dio.netty.machineId: 00:15:5d:ff:fe:34:e8:e7 (auto-detected)
2021-12-07 18:05:32,324 DEBUG [AsyncHttpClient-1-2] AbstractByteBuf:63 - -Dio.netty.buffer.checkAccessible: true
2021-12-07 18:05:32,325 DEBUG [AsyncHttpClient-1-2] AbstractByteBuf:64 - -Dio.netty.buffer.checkBounds: true
2021-12-07 18:05:32,325 DEBUG [AsyncHttpClient-1-2] ResourceLeakDetectorFactory:196 - Loaded default ResourceLeakDetector: io.netty.util.ResourceLeakDetector@3b78512c
2021-12-07 18:05:32,364 DEBUG [AsyncHttpClient-1-2] Recycler:103 - -Dio.netty.recycler.maxCapacityPerThread: 4096
2021-12-07 18:05:32,364 DEBUG [AsyncHttpClient-1-2] Recycler:104 - -Dio.netty.recycler.maxSharedCapacityFactor: 2
2021-12-07 18:05:32,364 DEBUG [AsyncHttpClient-1-2] Recycler:105 - -Dio.netty.recycler.linkCapacity: 16
2021-12-07 18:05:32,365 DEBUG [AsyncHttpClient-1-2] Recycler:106 - -Dio.netty.recycler.ratio: 8
2021-12-07 18:05:32,365 DEBUG [AsyncHttpClient-1-2] Recycler:107 - -Dio.netty.recycler.delayedQueue.ratio: 8
2021-12-07 18:05:33,844 DEBUG [AsyncHttpClient-1-2] Brotli:38 - brotli4j not in the classpath; Brotli support will be unavailable.
2021-12-07 18:05:34,106 DEBUG [main] ThreadLocalRandom:214 - -Dio.netty.initialSeedUniquifier: 0x474285e58b71a2f4
